Using pre-set license
Built from '2020.3/staging' branch; Version is '2020.3.5f1 (8095aa901b9b) revision 8426922'; Using compiler version '192528614'; Build Type 'Release'
OS: 'Windows 10 Pro; OS build 22000.1335; Version 2009; 64bit' Language: 'en' Physical Memory: 8106 MB
BatchMode: 1, IsHumanControllingUs: 0, StartBugReporterOnCrash: 0, Is64bit: 1, IsPro: 0

 COMMAND LINE ARGUMENTS:
C:\Program Files\Unity\Hub\Editor\2020.3.5f1\Editor\Unity.exe
-adb2
-batchMode
-noUpm
-name
AssetImportWorker0
-projectPath
C:/Users/JOHN OZIER/Desktop/GitTutorial/UnityProjects/AR_VR-Samples/Github Project
-logFile
Logs/AssetImportWorker0.log
-srvPort
50739
Successfully changed project path to: C:/Users/JOHN OZIER/Desktop/GitTutorial/UnityProjects/AR_VR-Samples/Github Project
C:/Users/JOHN OZIER/Desktop/GitTutorial/UnityProjects/AR_VR-Samples/Github Project
Using Asset Import Pipeline V2.
Refreshing native plugins compatible for Editor in 24.62 ms, found 0 plugins.
Preloading 0 native plugins for Editor in 0.00 ms.
Initialize engine version: 2020.3.5f1 (8095aa901b9b)
[Subsystems] Discovering subsystems at path C:/Program Files/Unity/Hub/Editor/2020.3.5f1/Editor/Data/Resources/UnitySubsystems
[Subsystems] Discovering subsystems at path C:/Users/JOHN OZIER/Desktop/GitTutorial/UnityProjects/AR_VR-Samples/Github Project/Assets
GfxDevice: creating device client; threaded=0
Direct3D:
    Version:  Direct3D 11.0 [level 11.1]
    Renderer: Intel(R) UHD Graphics 620 (ID=0x5917)
    Vendor:   
    VRAM:     4053 MB
    Driver:   31.0.101.2111
Initialize mono
Mono path[0] = 'C:/Program Files/Unity/Hub/Editor/2020.3.5f1/Editor/Data/Managed'
Mono path[1] = 'C:/Program Files/Unity/Hub/Editor/2020.3.5f1/Editor/Data/MonoBleedingEdge/lib/mono/unityjit'
Mono config path = 'C:/Program Files/Unity/Hub/Editor/2020.3.5f1/Editor/Data/MonoBleedingEdge/etc'
Using monoOptions --debugger-agent=transport=dt_socket,embedding=1,server=y,suspend=n,address=127.0.0.1:56368
Begin MonoManager ReloadAssembly
Registering precompiled unity dll's ...
Register platform support module: C:/Program Files/Unity/Hub/Editor/2020.3.5f1/Editor/Data/PlaybackEngines/WindowsStandaloneSupport/UnityEditor.WindowsStandalone.Extensions.dll
Registered in 0.002110 seconds.
Native extension for WindowsStandalone target not found
Refreshing native plugins compatible for Editor in 24.76 ms, found 0 plugins.
Preloading 0 native plugins for Editor in 0.00 ms.
Mono: successfully reloaded assembly
- Completed reload, in  1.252 seconds
Platform modules already initialized, skipping
Registering precompiled user dll's ...
Registered in 0.000691 seconds.
Begin MonoManager ReloadAssembly
Native extension for WindowsStandalone target not found
Refreshing native plugins compatible for Editor in 0.25 ms, found 0 plugins.
Preloading 0 native plugins for Editor in 0.00 ms.
Mono: successfully reloaded assembly
- Completed reload, in  0.936 seconds
Platform modules already initialized, skipping
========================================================================
Worker process is ready to serve import requests
Launched and connected shader compiler UnityShaderCompiler.exe after 0.05 seconds
Refreshing native plugins compatible for Editor in 0.21 ms, found 0 plugins.
Preloading 0 native plugins for Editor in 0.00 ms.
Unloading 1115 Unused Serialized files (Serialized files now loaded: 0)
System memory in use before: 57.4 MB.
System memory in use after: 57.5 MB.

Unloading 10 unused Assets to reduce memory usage. Loaded Objects now: 1557.
Total: 1.889600 ms (FindLiveObjects: 0.140800 ms CreateObjectMapping: 0.033400 ms MarkObjects: 1.638900 ms  DeleteObjects: 0.075200 ms)

========================================================================
Received Import Request.
  path: Assets/New Prefab.prefab
  artifactKey: Guid(e18b0418325ef8248b8caebbbf178059) Importer(815301076,1909f56bfc062723c751e8b465ee728b)
Start importing Assets/New Prefab.prefab using Guid(e18b0418325ef8248b8caebbbf178059) Importer(815301076,1909f56bfc062723c751e8b465ee728b)  -> (artifact id: 'cf877ec676f6e476aaf141e2b53b91ac') in 0.050826 seconds
  Import took 0.052786 seconds .

========================================================================
Received Import Request.
  Time since last request: 9.738986 seconds.
  path: Assets/Character.prefab
  artifactKey: Guid(e18b0418325ef8248b8caebbbf178059) Importer(815301076,1909f56bfc062723c751e8b465ee728b)
Start importing Assets/Character.prefab using Guid(e18b0418325ef8248b8caebbbf178059) Importer(815301076,1909f56bfc062723c751e8b465ee728b)  -> (artifact id: 'e0710b4769253da5a9e5b2f6cb12b2da') in 0.008281 seconds
  Import took 0.010506 seconds .

========================================================================
Received Import Request.
  Time since last request: 0.007529 seconds.
  path: Assets/Character.prefab
  artifactKey: Guid(e18b0418325ef8248b8caebbbf178059) Importer(815301076,1909f56bfc062723c751e8b465ee728b)
Start importing Assets/Character.prefab using Guid(e18b0418325ef8248b8caebbbf178059) Importer(815301076,1909f56bfc062723c751e8b465ee728b)  -> (artifact id: 'e0710b4769253da5a9e5b2f6cb12b2da') in 0.005983 seconds
  Import took 0.008639 seconds .

========================================================================
Received Import Request.
  Time since last request: 115.459832 seconds.
  path: Assets/Character.prefab
  artifactKey: Guid(e18b0418325ef8248b8caebbbf178059) Importer(815301076,1909f56bfc062723c751e8b465ee728b)
Start importing Assets/Character.prefab using Guid(e18b0418325ef8248b8caebbbf178059) Importer(815301076,1909f56bfc062723c751e8b465ee728b)  -> (artifact id: '4d92a32bb5ed44aabd4e11f0f157ce63') in 0.004635 seconds
  Import took 0.006991 seconds .

========================================================================
Received Import Request.
  Time since last request: 0.012125 seconds.
  path: Assets/Character.prefab
  artifactKey: Guid(e18b0418325ef8248b8caebbbf178059) Importer(815301076,1909f56bfc062723c751e8b465ee728b)
Start importing Assets/Character.prefab using Guid(e18b0418325ef8248b8caebbbf178059) Importer(815301076,1909f56bfc062723c751e8b465ee728b)  -> (artifact id: '4d92a32bb5ed44aabd4e11f0f157ce63') in 0.004633 seconds
  Import took 0.007117 seconds .

AssetImportWorkerClient::OnTransportError - code=2 error=End of file
